{
  "RSpec": {
    "coverage": {
      "/Users/sarahkirk/turing/4module/gneiss-rocks/spec/features/a_user_can_create_a_rock_spec.rb": [
        1,
        null,
        1,
        1,
        1,
        1,
        1,
        1,
        1,
        1,
        1,
        1,
        1,
        null,
        null,
        null,
        null,
        null,
        null,
        null,
        null,
        null,
        null,
        null,
        null,
        null,
        null,
        null
      ],
      "/Users/sarahkirk/turing/4module/gneiss-rocks/spec/rails_helper.rb": [
        null,
        1,
        1,
        1,
        null,
        1,
        1,
        1,
        null,
        null,
        null,
        null,
        null,
        null,
        null,
        null,
        null,
        null,
        null,
        null,
        null,
        null,
        null,
        null,
        null,
        null,
        null,
        null,
        1,
        null,
        1,
        null,
        1,
        null,
        null,
        null,
        null,
        1,
        null,
        null,
        null,
        null,
        null,
        null,
        null,
        null,
        null,
        null,
        null,
        null,
        null,
        null,
        1,
        null,
        null,
        1,
        null,
        null,
        null
      ],
      "/Users/sarahkirk/turing/4module/gneiss-rocks/config/environment.rb": [
        null,
        1,
        null,
        null,
        1
      ],
      "/Users/sarahkirk/turing/4module/gneiss-rocks/config/application.rb": [
        1,
        null,
        1,
        null,
        1,
        1,
        1,
        1,
        1,
        1,
        1,
        1,
        null,
        null,
        null,
        null,
        1,
        null,
        1,
        1,
        null,
        1,
        null,
        null,
        null,
        null,
        null,
        null,
        1,
        null,
        null
      ],
      "/Users/sarahkirk/turing/4module/gneiss-rocks/config/boot.rb": [
        1,
        null,
        1
      ],
      "/Users/sarahkirk/turing/4module/gneiss-rocks/config/environments/test.rb": [
        1,
        null,
        null,
        null,
        null,
        null,
        null,
        1,
        null,
        null,
        null,
        null,
        1,
        null,
        null,
        1,
        1,
        null,
        null,
        null,
        null,
        1,
        1,
        null,
        null,
        1,
        null,
        null,
        1,
        1,
        null,
        null,
        null,
        null,
        1,
        null,
        null,
        1,
        null,
        null,
        null,
        null
      ],
      "/Users/sarahkirk/turing/4module/gneiss-rocks/config/initializers/application_controller_renderer.rb": [
        null,
        null,
        null,
        null,
        null,
        null
      ],
      "/Users/sarahkirk/turing/4module/gneiss-rocks/config/initializers/assets.rb": [
        null,
        null,
        null,
        1,
        null,
        null,
        null,
        null,
        1,
        null,
        null,
        null,
        null,
        null
      ],
      "/Users/sarahkirk/turing/4module/gneiss-rocks/config/initializers/backtrace_silencers.rb": [
        null,
        null,
        null,
        null,
        null,
        null,
        null
      ],
      "/Users/sarahkirk/turing/4module/gneiss-rocks/config/initializers/cookies_serializer.rb": [
        null,
        null,
        null,
        null,
        1
      ],
      "/Users/sarahkirk/turing/4module/gneiss-rocks/config/initializers/filter_parameter_logging.rb": [
        null,
        null,
        null,
        1
      ],
      "/Users/sarahkirk/turing/4module/gneiss-rocks/config/initializers/inflections.rb": [
        null,
        null,
        null,
        null,
        null,
        null,
        null,
        null,
        null,
        null,
        null,
        null,
        null,
        null,
        null,
        null
      ],
      "/Users/sarahkirk/turing/4module/gneiss-rocks/config/initializers/mime_types.rb": [
        null,
        null,
        null,
        null
      ],
      "/Users/sarahkirk/turing/4module/gneiss-rocks/config/initializers/wrap_parameters.rb": [
        null,
        null,
        null,
        null,
        null,
        null,
        1,
        2,
        null,
        null,
        null,
        null,
        null,
        null
      ],
      "/Users/sarahkirk/turing/4module/gneiss-rocks/spec/factories/rocks.rb": [
        1,
        1,
        1,
        1,
        1,
        null,
        null
      ],
      "/Users/sarahkirk/turing/4module/gneiss-rocks/config/routes.rb": [
        1,
        null,
        1,
        null,
        1,
        1,
        1,
        1,
        1,
        null,
        1,
        null,
        null,
        null,
        1,
        null
      ],
      "/Users/sarahkirk/turing/4module/gneiss-rocks/app/helpers/application_helper.rb": [
        1,
        null
      ],
      "/Users/sarahkirk/turing/4module/gneiss-rocks/spec/support/factory_girl.rb": [
        1,
        1,
        null
      ],
      "/Users/sarahkirk/turing/4module/gneiss-rocks/spec/features/user_can_see_label_and_web_detection_spec.rb": [
        1,
        null,
        1,
        1,
        1,
        1,
        1,
        1,
        1,
        1,
        null,
        1,
        1,
        1,
        null,
        1,
        null,
        null,
        1,
        1,
        1,
        1,
        1,
        1,
        1,
        null,
        1,
        1,
        1,
        null,
        1,
        null,
        null,
        null,
        null,
        null,
        null,
        null,
        null,
        null,
        null
      ],
      "/Users/sarahkirk/turing/4module/gneiss-rocks/spec/models/rock_spec.rb": [
        1,
        null,
        1,
        1,
        1,
        1,
        1,
        null,
        null,
        1,
        1,
        1,
        null,
        null,
        1,
        1,
        1,
        null,
        null
      ],
      "/Users/sarahkirk/turing/4module/gneiss-rocks/app/models/rock.rb": [
        1,
        1,
        null,
        null,
        null,
        null,
        null,
        1,
        1,
        1,
        null,
        1,
        null,
        null,
        1,
        3,
        null,
        3,
        null,
        3,
        null,
        3,
        null,
        3,
        3,
        18,
        null,
        null,
        null,
        1,
        3,
        null,
        3,
        null,
        3,
        3,
        null,
        3,
        null,
        3,
        45,
        null,
        null,
        null
      ],
      "/Users/sarahkirk/turing/4module/gneiss-rocks/app/models/application_record.rb": [
        1,
        1,
        null
      ],
      "/Users/sarahkirk/turing/4module/gneiss-rocks/spec/requests/api/v1/rocks/rock_label_detection_spec.rb": [
        1,
        null,
        1,
        1,
        1,
        null,
        1,
        null,
        1,
        null,
        null
      ],
      "/Users/sarahkirk/turing/4module/gneiss-rocks/spec/requests/api/v1/rocks/rock_web_detection_spec.rb": [
        1,
        null,
        1,
        1,
        1,
        null,
        1,
        null,
        1,
        null,
        null
      ],
      "/Users/sarahkirk/turing/4module/gneiss-rocks/spec/requests/api/v1/rocks/rocks_controller_spec.rb": [
        1,
        null,
        1,
        null,
        1,
        1,
        1,
        null,
        1,
        null,
        1,
        null,
        1,
        1,
        null,
        null,
        null,
        1,
        1,
        1,
        1,
        null,
        1,
        null,
        1,
        null,
        1,
        1,
        1,
        1,
        null,
        null,
        1,
        1,
        null,
        1,
        null,
        1,
        null,
        null,
        null,
        1,
        1,
        1,
        1,
        null,
        0,
        null,
        0,
        0,
        0,
        null,
        null,
        1,
        1,
        1,
        null,
        1,
        null,
        1,
        null,
        null,
        null,
        1,
        1,
        1,
        1,
        1,
        null,
        1,
        1,
        1,
        1,
        null,
        null,
        1,
        1,
        1,
        null,
        1,
        1,
        null,
        null,
        null,
        1,
        1,
        1,
        1,
        null,
        1,
        1,
        null,
        1,
        1,
        null,
        null,
        null,
        null
      ],
      "/Users/sarahkirk/turing/4module/gneiss-rocks/app/controllers/rocks_controller.rb": [
        1,
        null,
        1,
        3,
        null,
        null,
        1,
        3,
        null,
        null,
        1,
        3,
        null,
        3,
        3,
        3,
        null,
        0,
        0,
        null,
        null,
        null,
        1,
        2,
        2,
        2,
        2,
        null,
        null,
        1,
        null,
        1,
        3,
        null,
        null
      ],
      "/Users/sarahkirk/turing/4module/gneiss-rocks/app/controllers/application_controller.rb": [
        1,
        1,
        null
      ],
      "/Users/sarahkirk/turing/4module/gneiss-rocks/app/controllers/api/v1/rocks/label_detection_controller.rb": [
        1,
        1,
        1,
        null,
        null
      ],
      "/Users/sarahkirk/turing/4module/gneiss-rocks/app/controllers/api/v1/rocks/web_detection_controller.rb": [
        1,
        null,
        1,
        1,
        null,
        null
      ],
      "/Users/sarahkirk/turing/4module/gneiss-rocks/app/controllers/api/v1/rocks_controller.rb": [
        1,
        null,
        1,
        1,
        null,
        null,
        1,
        2,
        2,
        1,
        null,
        1,
        null,
        null,
        null,
        1,
        2,
        null,
        1,
        0,
        null,
        1,
        null,
        null,
        null,
        1,
        2,
        null,
        2,
        1,
        null,
        1,
        null,
        null,
        null,
        1,
        1,
        1,
        1,
        1,
        null,
        0,
        null,
        null,
        null,
        1,
        null,
        1,
        4,
        null,
        null,
        null
      ]
    },
    "timestamp": 1505252809
  }
}
